<?xml version="1.0" encoding="UTF-8"?>
<testsuite name="TestParser" tests="1" skipped="0" failures="0" errors="0" timestamp="2026-03-23T16:31:52" hostname="DESKTOP-SE4L5N1" time="0.021">
  <properties/>
  <testcase name="test" classname="TestParser" time="0.021"/>
  <system-out><![CDATA[Token à Parser : 
TOKEN<MOT_CLEF,INT,0,1,>
TOKEN<IDENTIFIANT,x,0,5,>
TOKEN<EGAL_ASSIGNATION,=,0,7,>
TOKEN<INT,1,0,9,>
TOKEN<PLUS,+,0,11,>
TOKEN<INT,2,0,13,>
]]></system-out>
  <system-err><![CDATA[]]></system-err>
</testsuite>
