<?xml version="1.0" encoding="UTF-8"?>
<testsuite name="TestLexer" tests="1" skipped="0" failures="0" errors="0" timestamp="2026-03-03T12:51:28" hostname="DESKTOP-SE4L5N1" time="0.011">
  <properties/>
  <testcase name="test" classname="TestLexer" time="0.011"/>
  <system-out><![CDATA[TOKEN<IDENTIFIANT,var,0,1,>
TOKEN<IDENTIFIANT,x,0,5,>
TOKEN<IDENTIFIANT,int,0,7,>
TOKEN<EGAL_ASSIGNATION,=,0,11,>
TOKEN<INT,2,0,13,>
TOKEN<POINT_VIRGULE,;,0,14,>
]]></system-out>
  <system-err><![CDATA[]]></system-err>
</testsuite>
